wandb: Currently logged in as: mariafrprivado (i3m). Use `wandb login --relogin` to force relogin
wandb: wandb version 0.17.0 is available!  To upgrade, please run:
wandb:  $ pip install wandb --upgrade
wandb: Tracking run with wandb version 0.16.5
wandb: Run data is saved locally in /lhome/ext/i3m121/i3m1214/replica_ed_wu/codigos/entrenamiento/condor/barrido_hiperparámetros/wandb/run-20240523_115146-t5rf0o0u
wandb: Run `wandb offline` to turn off syncing.
wandb: Syncing run glamorous-water-4
wandb: ⭐️ View project at https://wandb.ai/i3m/lr_study
wandb: 🚀 View run at https://wandb.ai/i3m/lr_study/runs/t5rf0o0u/workspace
WARNING:root:Images sizes do not match. This will causes images to be display incorrectly in the UI.
WARNING:root:Images sizes do not match. This will causes images to be display incorrectly in the UI.
WARNING:root:Images sizes do not match. This will causes images to be display incorrectly in the UI.
WARNING:root:Images sizes do not match. This will causes images to be display incorrectly in the UI.
WARNING:root:Images sizes do not match. This will causes images to be display incorrectly in the UI.
WARNING:root:Images sizes do not match. This will causes images to be display incorrectly in the UI.
WARNING:root:Images sizes do not match. This will causes images to be display incorrectly in the UI.
WARNING:root:Images sizes do not match. This will causes images to be display incorrectly in the UI.
WARNING:root:Images sizes do not match. This will causes images to be display incorrectly in the UI.
WARNING:root:Images sizes do not match. This will causes images to be display incorrectly in the UI.
WARNING:root:Images sizes do not match. This will causes images to be display incorrectly in the UI.
WARNING:root:Images sizes do not match. This will causes images to be display incorrectly in the UI.
WARNING:root:Images sizes do not match. This will causes images to be display incorrectly in the UI.
