wandb: Currently logged in as: mariafrprivado (i3m). Use `wandb login --relogin` to force relogin
wandb: Tracking run with wandb version 0.17.0
wandb: Run data is saved locally in /lhome/ext/i3m121/i3m1213/barrido/barrido_hiperparámetros/wandb/run-20240521_151818-10atv6at
wandb: Run `wandb offline` to turn off syncing.
wandb: Syncing run youthful-spaceship-1
wandb: ⭐️ View project at https://wandb.ai/i3m/definitivo1_study
wandb: 🚀 View run at https://wandb.ai/i3m/definitivo1_study/runs/10atv6at
WARNING:root:Images sizes do not match. This will causes images to be display incorrectly in the UI.
WARNING:root:Images sizes do not match. This will causes images to be display incorrectly in the UI.
WARNING:root:Images sizes do not match. This will causes images to be display incorrectly in the UI.
WARNING:root:Images sizes do not match. This will causes images to be display incorrectly in the UI.
WARNING:root:Images sizes do not match. This will causes images to be display incorrectly in the UI.
WARNING:root:Images sizes do not match. This will causes images to be display incorrectly in the UI.
WARNING:root:Images sizes do not match. This will causes images to be display incorrectly in the UI.
WARNING:root:Images sizes do not match. This will causes images to be display incorrectly in the UI.
WARNING:root:Images sizes do not match. This will causes images to be display incorrectly in the UI.
WARNING:root:Images sizes do not match. This will causes images to be display incorrectly in the UI.
WARNING:root:Images sizes do not match. This will causes images to be display incorrectly in the UI.
WARNING:root:Images sizes do not match. This will causes images to be display incorrectly in the UI.
WARNING:root:Images sizes do not match. This will causes images to be display incorrectly in the UI.
WARNING:root:Images sizes do not match. This will causes images to be display incorrectly in the UI.
WARNING:root:Images sizes do not match. This will causes images to be display incorrectly in the UI.
WARNING:root:Images sizes do not match. This will causes images to be display incorrectly in the UI.
WARNING:root:Images sizes do not match. This will causes images to be display incorrectly in the UI.
WARNING:root:Images sizes do not match. This will causes images to be display incorrectly in the UI.
WARNING:root:Images sizes do not match. This will causes images to be display incorrectly in the UI.
WARNING:root:Images sizes do not match. This will causes images to be display incorrectly in the UI.
WARNING:root:Images sizes do not match. This will causes images to be display incorrectly in the UI.
WARNING:root:Images sizes do not match. This will causes images to be display incorrectly in the UI.
WARNING:root:Images sizes do not match. This will causes images to be display incorrectly in the UI.
WARNING:root:Images sizes do not match. This will causes images to be display incorrectly in the UI.
WARNING:root:Images sizes do not match. This will causes images to be display incorrectly in the UI.
WARNING:root:Images sizes do not match. This will causes images to be display incorrectly in the UI.
WARNING:root:Images sizes do not match. This will causes images to be display incorrectly in the UI.
WARNING:root:Images sizes do not match. This will causes images to be display incorrectly in the UI.
WARNING:root:Images sizes do not match. This will causes images to be display incorrectly in the UI.
WARNING:root:Images sizes do not match. This will causes images to be display incorrectly in the UI.
WARNING:root:Images sizes do not match. This will causes images to be display incorrectly in the UI.
WARNING:root:Images sizes do not match. This will causes images to be display incorrectly in the UI.
WARNING:root:Images sizes do not match. This will causes images to be display incorrectly in the UI.
WARNING:root:Images sizes do not match. This will causes images to be display incorrectly in the UI.
WARNING:root:Images sizes do not match. This will causes images to be display incorrectly in the UI.
WARNING:root:Images sizes do not match. This will causes images to be display incorrectly in the UI.
WARNING:root:Images sizes do not match. This will causes images to be display incorrectly in the UI.
WARNING:root:Images sizes do not match. This will causes images to be display incorrectly in the UI.
WARNING:root:Images sizes do not match. This will causes images to be display incorrectly in the UI.
WARNING:root:Images sizes do not match. This will causes images to be display incorrectly in the UI.
WARNING:root:Images sizes do not match. This will causes images to be display incorrectly in the UI.
WARNING:root:Images sizes do not match. This will causes images to be display incorrectly in the UI.
WARNING:root:Images sizes do not match. This will causes images to be display incorrectly in the UI.
WARNING:root:Images sizes do not match. This will causes images to be display incorrectly in the UI.
WARNING:root:Images sizes do not match. This will causes images to be display incorrectly in the UI.
WARNING:root:Images sizes do not match. This will causes images to be display incorrectly in the UI.
WARNING:root:Images sizes do not match. This will causes images to be display incorrectly in the UI.
WARNING:root:Images sizes do not match. This will causes images to be display incorrectly in the UI.
WARNING:root:Images sizes do not match. This will causes images to be display incorrectly in the UI.
WARNING:root:Images sizes do not match. This will causes images to be display incorrectly in the UI.
WARNING:root:Images sizes do not match. This will causes images to be display incorrectly in the UI.
WARNING:root:Images sizes do not match. This will causes images to be display incorrectly in the UI.
WARNING:root:Images sizes do not match. This will causes images to be display incorrectly in the UI.
WARNING:root:Images sizes do not match. This will causes images to be display incorrectly in the UI.
WARNING:root:Images sizes do not match. This will causes images to be display incorrectly in the UI.
WARNING:root:Images sizes do not match. This will causes images to be display incorrectly in the UI.
WARNING:root:Images sizes do not match. This will causes images to be display incorrectly in the UI.
WARNING:root:Images sizes do not match. This will causes images to be display incorrectly in the UI.
WARNING:root:Images sizes do not match. This will causes images to be display incorrectly in the UI.
WARNING:root:Images sizes do not match. This will causes images to be display incorrectly in the UI.
WARNING:root:Images sizes do not match. This will causes images to be display incorrectly in the UI.
WARNING:root:Images sizes do not match. This will causes images to be display incorrectly in the UI.
WARNING:root:Images sizes do not match. This will causes images to be display incorrectly in the UI.
WARNING:root:Images sizes do not match. This will causes images to be display incorrectly in the UI.
WARNING:root:Images sizes do not match. This will causes images to be display incorrectly in the UI.
WARNING:root:Images sizes do not match. This will causes images to be display incorrectly in the UI.
WARNING:root:Images sizes do not match. This will causes images to be display incorrectly in the UI.
WARNING:root:Images sizes do not match. This will causes images to be display incorrectly in the UI.
WARNING:root:Images sizes do not match. This will causes images to be display incorrectly in the UI.
WARNING:root:Images sizes do not match. This will causes images to be display incorrectly in the UI.
WARNING:root:Images sizes do not match. This will causes images to be display incorrectly in the UI.
WARNING:root:Images sizes do not match. This will causes images to be display incorrectly in the UI.
WARNING:root:Images sizes do not match. This will causes images to be display incorrectly in the UI.
WARNING:root:Images sizes do not match. This will causes images to be display incorrectly in the UI.
WARNING:root:Images sizes do not match. This will causes images to be display incorrectly in the UI.
WARNING:root:Images sizes do not match. This will causes images to be display incorrectly in the UI.
WARNING:root:Images sizes do not match. This will causes images to be display incorrectly in the UI.
WARNING:root:Images sizes do not match. This will causes images to be display incorrectly in the UI.
WARNING:root:Images sizes do not match. This will causes images to be display incorrectly in the UI.
WARNING:root:Images sizes do not match. This will causes images to be display incorrectly in the UI.
WARNING:root:Images sizes do not match. This will causes images to be display incorrectly in the UI.
WARNING:root:Images sizes do not match. This will causes images to be display incorrectly in the UI.
WARNING:root:Images sizes do not match. This will causes images to be display incorrectly in the UI.
WARNING:root:Images sizes do not match. This will causes images to be display incorrectly in the UI.
WARNING:root:Images sizes do not match. This will causes images to be display incorrectly in the UI.
WARNING:root:Images sizes do not match. This will causes images to be display incorrectly in the UI.
WARNING:root:Images sizes do not match. This will causes images to be display incorrectly in the UI.
WARNING:root:Images sizes do not match. This will causes images to be display incorrectly in the UI.
WARNING:root:Images sizes do not match. This will causes images to be display incorrectly in the UI.
WARNING:root:Images sizes do not match. This will causes images to be display incorrectly in the UI.
WARNING:root:Images sizes do not match. This will causes images to be display incorrectly in the UI.
WARNING:root:Images sizes do not match. This will causes images to be display incorrectly in the UI.
WARNING:root:Images sizes do not match. This will causes images to be display incorrectly in the UI.
WARNING:root:Images sizes do not match. This will causes images to be display incorrectly in the UI.
WARNING:root:Images sizes do not match. This will causes images to be display incorrectly in the UI.
WARNING:root:Images sizes do not match. This will causes images to be display incorrectly in the UI.
WARNING:root:Images sizes do not match. This will causes images to be display incorrectly in the UI.
WARNING:root:Images sizes do not match. This will causes images to be display incorrectly in the UI.
WARNING:root:Images sizes do not match. This will causes images to be display incorrectly in the UI.
WARNING:root:Images sizes do not match. This will causes images to be display incorrectly in the UI.
WARNING:root:Images sizes do not match. This will causes images to be display incorrectly in the UI.
WARNING:root:Images sizes do not match. This will causes images to be display incorrectly in the UI.
WARNING:root:Images sizes do not match. This will causes images to be display incorrectly in the UI.
WARNING:root:Images sizes do not match. This will causes images to be display incorrectly in the UI.
WARNING:root:Images sizes do not match. This will causes images to be display incorrectly in the UI.
WARNING:root:Images sizes do not match. This will causes images to be display incorrectly in the UI.
WARNING:root:Images sizes do not match. This will causes images to be display incorrectly in the UI.
WARNING:root:Images sizes do not match. This will causes images to be display incorrectly in the UI.
WARNING:root:Images sizes do not match. This will causes images to be display incorrectly in the UI.
WARNING:root:Images sizes do not match. This will causes images to be display incorrectly in the UI.
WARNING:root:Images sizes do not match. This will causes images to be display incorrectly in the UI.
WARNING:root:Images sizes do not match. This will causes images to be display incorrectly in the UI.
WARNING:root:Images sizes do not match. This will causes images to be display incorrectly in the UI.
WARNING:root:Images sizes do not match. This will causes images to be display incorrectly in the UI.
WARNING:root:Images sizes do not match. This will causes images to be display incorrectly in the UI.
WARNING:root:Images sizes do not match. This will causes images to be display incorrectly in the UI.
WARNING:root:Images sizes do not match. This will causes images to be display incorrectly in the UI.
WARNING:root:Images sizes do not match. This will causes images to be display incorrectly in the UI.
WARNING:root:Images sizes do not match. This will causes images to be display incorrectly in the UI.
WARNING:root:Images sizes do not match. This will causes images to be display incorrectly in the UI.
WARNING:root:Images sizes do not match. This will causes images to be display incorrectly in the UI.
WARNING:root:Images sizes do not match. This will causes images to be display incorrectly in the UI.
WARNING:root:Images sizes do not match. This will causes images to be display incorrectly in the UI.
WARNING:root:Images sizes do not match. This will causes images to be display incorrectly in the UI.
WARNING:root:Images sizes do not match. This will causes images to be display incorrectly in the UI.
wandb: - 13.787 MB of 13.787 MB uploadedwandb: \ 13.790 MB of 16.336 MB uploadedwandb: | 16.336 MB of 16.336 MB uploadedwandb: / 16.336 MB of 16.336 MB uploadedwandb: 
wandb: Run history:
wandb:      mean loss epoch (train) █▄▃▃▂▂▂▂▂▂▂▂▂▁▁▁▁▁▁▁▁▁▁▁▁▁▁▁▁▁▁▁▁▁▁▁▁▁▁▁
wandb: mean loss epoch (validation) █▄▃▃▂▂▂▂▂▂▂▂▂▁▁▁▁▁▁▁▁▁▁▁▁▁▁▁▁▁▁▁▁▁▁▁▁▁▁▁
wandb: 
wandb: Run summary:
wandb:      mean loss epoch (train) 70.46068
wandb: mean loss epoch (validation) 70.46068
wandb: 
wandb: 🚀 View run youthful-spaceship-1 at: https://wandb.ai/i3m/definitivo1_study/runs/10atv6at
wandb: ⭐️ View project at: https://wandb.ai/i3m/definitivo1_study
wandb: Synced 6 W&B file(s), 375 media file(s), 0 artifact file(s) and 0 other file(s)
wandb: Find logs at: ./wandb/run-20240521_151818-10atv6at/logs
